
https://en.wikipedia.org/wiki/Kerckhoffs%27s_principle
http://security.stackexchange.com/questions/20541/insecure-versions-of-crypt-hashes
https://crackstation.net/hashing-security.htm
http://stackoverflow.com/questions/6608408/sortable-function-when-content-is-updated-via-ajax
http://stackoverflow.com/questions/13644572/changing-input-fields-background-when-its-edited
http://stackoverflow.com/questions/2395882/how-to-remove-extension-from-string-only-real-extension
http://stackoverflow.com/questions/9698003/on-preventdefault
http://stackoverflow.com/questions/1359018/in-jquery-how-to-attach-events-to-dynamic-html-elements
http://stackoverflow.com/questions/6658752/jquery-click-event-doesnt-work-on-dynamically-generated-elements
http://stackoverflow.com/questions/311579/jquery-js-how-do-i-select-the-parent-form-based-on-which-submit-button-is-cli
https://github.com/blueimp/jQuery-File-Upload/wiki/jQuery-File-Upload-9.5-with-CodeIgniter-2.1.4
http://stackoverflow.com/questions/14674999/jquery-fileupload-doesnt-trigger-done
http://stackoverflow.com/questions/2728978/codeigniter-passing-variables-via-url-alternatives-to-using-get
stackoverflow.com/questions/1262362/how-to-fade-in-appended-html-with-jquery
http://stackoverflow.com/questions/27164464/custom-css-for-a-blog-list
https://bootstrapbay.com/blog/css-transitions-buttons/
http://jsfiddle.net/SanthoshNelson/w5yx3stx/
http://cssdeck.com/labs/navigation-dropdown-with-flip-effect
https://github.com/blueimp/jQuery-File-Upload/wiki/jQuery-File-Upload%2C---Multi-file-upload-with-CodeIgniter
http://stackoverflow.com/questions/3173501/whats-the-difference-between-double-colon-and-arrow-in-php
http://abandon.ie/notebook/simple-file-uploads-using-jquery-ajax
http://stackoverflow.com/questions/11524356/multiple-files-upload-array-with-codeigniter-2-0
http://stackoverflow.com/questions/9943695/uploading-multiple-files-userfile-array
>